Logfile initialized
[INFO] logfile = C:\Users\sony\My Documents\Titanium_Studio_Workspace\Trivia\build.log
[DEBUG] C:\Users\sony\AppData\Roaming\Titanium\mobilesdk\win32\3.0.2.GA\android\builder.py install Trivia C:\android C:\Users\sony\My Documents\Titanium_Studio_Workspace\Trivia com.nxgn.trivia 3
[INFO] plugin=C:\Users\sony\AppData\Roaming\Titanium\plugins\ti.alloy\1.0\plugin.py
[INFO] Detected compiler plugin: ti.alloy/1.0
[INFO] Titanium SDK version: 3.0.2 (02/15/13 19:02 5a77fe7)
[DEBUG] Waiting for device to be ready ...
[TRACE] adb devices returned 1 devices/emulators
[DEBUG] Device connected... (waited 0 seconds)
[DEBUG] waited 0.035000 seconds on emulator to get ready
[DEBUG] com.nxgn.trivia installed? False
[INFO] Copying CommonJS modules...
[INFO] Copying project resources..
[TRACE] COPYING MODIFIED FILE: C:\Users\sony\My Documents\Titanium_Studio_Workspace\Trivia\Resources\alloy\backbone.js => C:\Users\sony\My Documents\Titanium_Studio_Workspace\Trivia\build\android\bin\assets\Resources\alloy\backbone.js
[TRACE] COPYING MODIFIED FILE: C:\Users\sony\My Documents\Titanium_Studio_Workspace\Trivia\Resources\alloy\CFG.js => C:\Users\sony\My Documents\Titanium_Studio_Workspace\Trivia\build\android\bin\assets\Resources\alloy\CFG.js
[TRACE] COPYING MODIFIED FILE: C:\Users\sony\My Documents\Titanium_Studio_Workspace\Trivia\Resources\alloy\controllers\add.js => C:\Users\sony\My Documents\Titanium_Studio_Workspace\Trivia\build\android\bin\assets\Resources\alloy\controllers\add.js
[TRACE] COPYING MODIFIED FILE: C:\Users\sony\My Documents\Titanium_Studio_Workspace\Trivia\Resources\alloy\controllers\BaseController.js => C:\Users\sony\My Documents\Titanium_Studio_Workspace\Trivia\build\android\bin\assets\Resources\alloy\controllers\BaseController.js
[TRACE] COPYING MODIFIED FILE: C:\Users\sony\My Documents\Titanium_Studio_Workspace\Trivia\Resources\alloy\controllers\home.js => C:\Users\sony\My Documents\Titanium_Studio_Workspace\Trivia\build\android\bin\assets\Resources\alloy\controllers\home.js
[TRACE] COPYING MODIFIED FILE: C:\Users\sony\My Documents\Titanium_Studio_Workspace\Trivia\Resources\alloy\controllers\index.js => C:\Users\sony\My Documents\Titanium_Studio_Workspace\Trivia\build\android\bin\assets\Resources\alloy\controllers\index.js
[TRACE] COPYING MODIFIED FILE: C:\Users\sony\My Documents\Titanium_Studio_Workspace\Trivia\Resources\alloy\controllers\movi.js => C:\Users\sony\My Documents\Titanium_Studio_Workspace\Trivia\build\android\bin\assets\Resources\alloy\controllers\movi.js
[TRACE] COPYING MODIFIED FILE: C:\Users\sony\My Documents\Titanium_Studio_Workspace\Trivia\Resources\alloy\controllers\pol.js => C:\Users\sony\My Documents\Titanium_Studio_Workspace\Trivia\build\android\bin\assets\Resources\alloy\controllers\pol.js
[TRACE] COPYING MODIFIED FILE: C:\Users\sony\My Documents\Titanium_Studio_Workspace\Trivia\Resources\alloy\controllers\reg.js => C:\Users\sony\My Documents\Titanium_Studio_Workspace\Trivia\build\android\bin\assets\Resources\alloy\controllers\reg.js
[TRACE] COPYING MODIFIED FILE: C:\Users\sony\My Documents\Titanium_Studio_Workspace\Trivia\Resources\alloy\controllers\row.js => C:\Users\sony\My Documents\Titanium_Studio_Workspace\Trivia\build\android\bin\assets\Resources\alloy\controllers\row.js
[TRACE] COPYING MODIFIED FILE: C:\Users\sony\My Documents\Titanium_Studio_Workspace\Trivia\Resources\alloy\controllers\sport.js => C:\Users\sony\My Documents\Titanium_Studio_Workspace\Trivia\build\android\bin\assets\Resources\alloy\controllers\sport.js
[TRACE] COPYING MODIFIED FILE: C:\Users\sony\My Documents\Titanium_Studio_Workspace\Trivia\Resources\alloy\models\Todo.js => C:\Users\sony\My Documents\Titanium_Studio_Workspace\Trivia\build\android\bin\assets\Resources\alloy\models\Todo.js
[TRACE] COPYING MODIFIED FILE: C:\Users\sony\My Documents\Titanium_Studio_Workspace\Trivia\Resources\alloy\moment.js => C:\Users\sony\My Documents\Titanium_Studio_Workspace\Trivia\build\android\bin\assets\Resources\alloy\moment.js
[TRACE] COPYING MODIFIED FILE: C:\Users\sony\My Documents\Titanium_Studio_Workspace\Trivia\Resources\alloy\sync\localStorage.js => C:\Users\sony\My Documents\Titanium_Studio_Workspace\Trivia\build\android\bin\assets\Resources\alloy\sync\localStorage.js
[TRACE] COPYING MODIFIED FILE: C:\Users\sony\My Documents\Titanium_Studio_Workspace\Trivia\Resources\alloy\sync\properties.js => C:\Users\sony\My Documents\Titanium_Studio_Workspace\Trivia\build\android\bin\assets\Resources\alloy\sync\properties.js
[TRACE] COPYING MODIFIED FILE: C:\Users\sony\My Documents\Titanium_Studio_Workspace\Trivia\Resources\alloy\sync\sql.js => C:\Users\sony\My Documents\Titanium_Studio_Workspace\Trivia\build\android\bin\assets\Resources\alloy\sync\sql.js
[TRACE] COPYING MODIFIED FILE: C:\Users\sony\My Documents\Titanium_Studio_Workspace\Trivia\Resources\alloy\sync\util.js => C:\Users\sony\My Documents\Titanium_Studio_Workspace\Trivia\build\android\bin\assets\Resources\alloy\sync\util.js
[TRACE] COPYING MODIFIED FILE: C:\Users\sony\My Documents\Titanium_Studio_Workspace\Trivia\Resources\alloy\underscore.js => C:\Users\sony\My Documents\Titanium_Studio_Workspace\Trivia\build\android\bin\assets\Resources\alloy\underscore.js
[TRACE] COPYING MODIFIED FILE: C:\Users\sony\My Documents\Titanium_Studio_Workspace\Trivia\Resources\alloy.js => C:\Users\sony\My Documents\Titanium_Studio_Workspace\Trivia\build\android\bin\assets\Resources\alloy.js
[TRACE] COPYING MODIFIED FILE: C:\Users\sony\My Documents\Titanium_Studio_Workspace\Trivia\Resources\app.js => C:\Users\sony\My Documents\Titanium_Studio_Workspace\Trivia\build\android\bin\assets\Resources\app.js
[TRACE] Generating Java Classes
[DEBUG] Processing Android resource drawables
[DEBUG] copying app icon: C:\Users\sony\My Documents\Titanium_Studio_Workspace\Trivia\build\android\bin\assets\Resources\appicon.png
[DEBUG] generating theme.xml
[DEBUG] found drawable-long-land-hdpi splash screen at C:\Users\sony\My Documents\Titanium_Studio_Workspace\Trivia\Resources\android\images\res-long-land-hdpi\default.png
[DEBUG] copying C:\Users\sony\My Documents\Titanium_Studio_Workspace\Trivia\Resources\android\images\res-long-land-hdpi\default.png splash screen to C:\Users\sony\My Documents\Titanium_Studio_Workspace\Trivia\build\android\res\drawable-long-land-hdpi\background.png
[DEBUG] found drawable-long-land-ldpi splash screen at C:\Users\sony\My Documents\Titanium_Studio_Workspace\Trivia\Resources\android\images\res-long-land-ldpi\default.png
[DEBUG] copying C:\Users\sony\My Documents\Titanium_Studio_Workspace\Trivia\Resources\android\images\res-long-land-ldpi\default.png splash screen to C:\Users\sony\My Documents\Titanium_Studio_Workspace\Trivia\build\android\res\drawable-long-land-ldpi\background.png
[DEBUG] found drawable-long-port-hdpi splash screen at C:\Users\sony\My Documents\Titanium_Studio_Workspace\Trivia\Resources\android\images\res-long-port-hdpi\default.png
[DEBUG] copying C:\Users\sony\My Documents\Titanium_Studio_Workspace\Trivia\Resources\android\images\res-long-port-hdpi\default.png splash screen to C:\Users\sony\My Documents\Titanium_Studio_Workspace\Trivia\build\android\res\drawable-long-port-hdpi\background.png
[DEBUG] found drawable-long-port-ldpi splash screen at C:\Users\sony\My Documents\Titanium_Studio_Workspace\Trivia\Resources\android\images\res-long-port-ldpi\default.png
[DEBUG] copying C:\Users\sony\My Documents\Titanium_Studio_Workspace\Trivia\Resources\android\images\res-long-port-ldpi\default.png splash screen to C:\Users\sony\My Documents\Titanium_Studio_Workspace\Trivia\build\android\res\drawable-long-port-ldpi\background.png
[DEBUG] found drawable-notlong-land-hdpi splash screen at C:\Users\sony\My Documents\Titanium_Studio_Workspace\Trivia\Resources\android\images\res-notlong-land-hdpi\default.png
[DEBUG] copying C:\Users\sony\My Documents\Titanium_Studio_Workspace\Trivia\Resources\android\images\res-notlong-land-hdpi\default.png splash screen to C:\Users\sony\My Documents\Titanium_Studio_Workspace\Trivia\build\android\res\drawable-notlong-land-hdpi\background.png
[DEBUG] found drawable-notlong-land-ldpi splash screen at C:\Users\sony\My Documents\Titanium_Studio_Workspace\Trivia\Resources\android\images\res-notlong-land-ldpi\default.png
[DEBUG] copying C:\Users\sony\My Documents\Titanium_Studio_Workspace\Trivia\Resources\android\images\res-notlong-land-ldpi\default.png splash screen to C:\Users\sony\My Documents\Titanium_Studio_Workspace\Trivia\build\android\res\drawable-notlong-land-ldpi\background.png
[DEBUG] found drawable-notlong-land-mdpi splash screen at C:\Users\sony\My Documents\Titanium_Studio_Workspace\Trivia\Resources\android\images\res-notlong-land-mdpi\default.png
[DEBUG] copying C:\Users\sony\My Documents\Titanium_Studio_Workspace\Trivia\Resources\android\images\res-notlong-land-mdpi\default.png splash screen to C:\Users\sony\My Documents\Titanium_Studio_Workspace\Trivia\build\android\res\drawable-notlong-land-mdpi\background.png
[DEBUG] found drawable-notlong-port-hdpi splash screen at C:\Users\sony\My Documents\Titanium_Studio_Workspace\Trivia\Resources\android\images\res-notlong-port-hdpi\default.png
[DEBUG] copying C:\Users\sony\My Documents\Titanium_Studio_Workspace\Trivia\Resources\android\images\res-notlong-port-hdpi\default.png splash screen to C:\Users\sony\My Documents\Titanium_Studio_Workspace\Trivia\build\android\res\drawable-notlong-port-hdpi\background.png
[DEBUG] found drawable-notlong-port-ldpi splash screen at C:\Users\sony\My Documents\Titanium_Studio_Workspace\Trivia\Resources\android\images\res-notlong-port-ldpi\default.png
[DEBUG] copying C:\Users\sony\My Documents\Titanium_Studio_Workspace\Trivia\Resources\android\images\res-notlong-port-ldpi\default.png splash screen to C:\Users\sony\My Documents\Titanium_Studio_Workspace\Trivia\build\android\res\drawable-notlong-port-ldpi\background.png
[DEBUG] found drawable-notlong-port-mdpi splash screen at C:\Users\sony\My Documents\Titanium_Studio_Workspace\Trivia\Resources\android\images\res-notlong-port-mdpi\default.png
[DEBUG] copying C:\Users\sony\My Documents\Titanium_Studio_Workspace\Trivia\Resources\android\images\res-notlong-port-mdpi\default.png splash screen to C:\Users\sony\My Documents\Titanium_Studio_Workspace\Trivia\build\android\res\drawable-notlong-port-mdpi\background.png
[DEBUG] found splash screen at C:\Users\sony\My Documents\Titanium_Studio_Workspace\Trivia\build\android\bin\assets\Resources\default.png
[TRACE] Writing out AndroidManifest.xml
[DEBUG] adding C:\Users\sony\My Documents\Titanium_Studio_Workspace\Trivia\build\android\gen\com\nxgn\trivia\R.java to javac build list
[DEBUG] adding C:\Users\sony\My Documents\Titanium_Studio_Workspace\Trivia\build\android\gen\com\nxgn\trivia\TriviaActivity.java to javac build list
[DEBUG] adding C:\Users\sony\My Documents\Titanium_Studio_Workspace\Trivia\build\android\gen\com\nxgn\trivia\TriviaAppInfo.java to javac build list
[DEBUG] adding C:\Users\sony\My Documents\Titanium_Studio_Workspace\Trivia\build\android\gen\com\nxgn\trivia\TriviaApplication.java to javac build list
[DEBUG] Building Java Sources: "C:\\Users\\sony\\My Documents\\Titanium_Studio_Workspace\\Trivia\\build\\android\\gen\\com\\nxgn\\trivia\\R.java" "C:\\Users\\sony\\My Documents\\Titanium_Studio_Workspace\\Trivia\\build\\android\\gen\\com\\nxgn\\trivia\\TriviaActivity.java" "C:\\Users\\sony\\My Documents\\Titanium_Studio_Workspace\\Trivia\\build\\android\\gen\\com\\nxgn\\trivia\\TriviaAppInfo.java" "C:\\Users\\sony\\My Documents\\Titanium_Studio_Workspace\\Trivia\\build\\android\\gen\\com\\nxgn\\trivia\\TriviaApplication.java"
[INFO] Compiling Android Resources... This could take some time
[DEBUG] Android classes.dex built
[DEBUG] creating unsigned apk: C:\Users\sony\My Documents\Titanium_Studio_Workspace\Trivia\build\android\bin\app-unsigned.apk
[DEBUG] from resource zip => assets/Resources/alloy/controllers/BaseController.js
[DEBUG] from resource zip => assets/Resources/alloy/controllers/add.js
[DEBUG] from resource zip => assets/Resources/alloy/controllers/home.js
[DEBUG] from resource zip => assets/Resources/alloy/controllers/index.js
[DEBUG] from resource zip => assets/Resources/alloy/controllers/movi.js
[DEBUG] from resource zip => assets/Resources/alloy/controllers/pol.js
[DEBUG] from resource zip => assets/Resources/alloy/controllers/reg.js
[DEBUG] from resource zip => assets/Resources/alloy/controllers/row.js
[DEBUG] from resource zip => assets/Resources/alloy/controllers/sport.js
[DEBUG] from resource zip => assets/Resources/alloy/models/Todo.js
[DEBUG] from resource zip => assets/Resources/alloy/sync/localStorage.js
[DEBUG] from resource zip => assets/Resources/alloy/sync/properties.js
[DEBUG] from resource zip => assets/Resources/alloy/sync/sql.js
[DEBUG] from resource zip => assets/Resources/alloy/sync/util.js
[DEBUG] from resource zip => assets/Resources/alloy/CFG.js
[DEBUG] from resource zip => assets/Resources/alloy/backbone.js
[DEBUG] from resource zip => assets/Resources/alloy/moment.js
[DEBUG] from resource zip => assets/Resources/alloy/underscore.js
[DEBUG] from resource zip => assets/Resources/Android_BackButton_1.png
[DEBUG] from resource zip => assets/Resources/MarketplaceArtwork.png
[DEBUG] from resource zip => assets/Resources/alloy.js
[DEBUG] from resource zip => assets/Resources/app.js
[DEBUG] from resource zip => assets/Resources/appicon.png
[DEBUG] from resource zip => assets/Resources/default.png
[DEBUG] from resource zip => assets/Resources/ic_menu_add.png
[DEBUG] from resource zip => assets/Resources/player_back_button.png
[DEBUG] from resource zip => assets/Resources/red_x.png
[DEBUG] from resource zip => assets/Resources/tick_64.png
[DEBUG] from resource zip => assets/Resources/tick_gray_64.png
[DEBUG] from resource zip => assets/app.json
[DEBUG] from resource zip => assets/index.json
[DEBUG] from resource zip => assets/tiapp.xml
[DEBUG] from resource zip => res/drawable/appicon.png
[DEBUG] from resource zip => res/drawable/background.png
[DEBUG] from resource zip => res/layout/titanium_tabgroup.xml
[DEBUG] from resource zip => AndroidManifest.xml
[DEBUG] from resource zip => resources.arsc
[DEBUG] from resource zip => res/drawable-long-land-hdpi/background.png
[DEBUG] from resource zip => res/drawable-long-land-ldpi/background.png
[DEBUG] from resource zip => res/drawable-long-port-hdpi/background.png
[DEBUG] from resource zip => res/drawable-long-port-ldpi/background.png
[DEBUG] from resource zip => res/drawable-notlong-land-hdpi/background.png
[DEBUG] from resource zip => res/drawable-notlong-land-ldpi/background.png
[DEBUG] from resource zip => res/drawable-notlong-land-mdpi/background.png
[DEBUG] from resource zip => res/drawable-notlong-port-hdpi/background.png
[DEBUG] from resource zip => res/drawable-notlong-port-ldpi/background.png
[DEBUG] from resource zip => res/drawable-notlong-port-mdpi/background.png
[DEBUG] from JAR C:\Users\sony\AppData\Roaming\Titanium\mobilesdk\win32\3.0.2.GA\android\modules\titanium-ui.jar => ti/modules/titanium/ui/widget/webview/binding.js
[DEBUG] from JAR C:\Users\sony\AppData\Roaming\Titanium\mobilesdk\win32\3.0.2.GA\android\modules\titanium-ui.jar => ti/modules/titanium/ui/widget/webview/binding.min.js
[DEBUG] from JAR C:\Users\sony\AppData\Roaming\Titanium\mobilesdk\win32\3.0.2.GA\android\modules\titanium-ui.jar => ti/modules/titanium/ui/widget/webview/json2.js
[DEBUG] from JAR C:\Users\sony\AppData\Roaming\Titanium\mobilesdk\win32\3.0.2.GA\android\modules\titanium-ui.jar => ti/modules/titanium/ui/widget/webview/polling.js
[DEBUG] from JAR C:\Users\sony\AppData\Roaming\Titanium\mobilesdk\win32\3.0.2.GA\android\modules\titanium-ui.jar => ti/modules/titanium/ui/widget/webview/polling.min.js
[DEBUG] from JAR C:\Users\sony\AppData\Roaming\Titanium\mobilesdk\win32\3.0.2.GA\android\titanium.jar => org/appcelerator/titanium/build.properties
[DEBUG] from JAR C:\Users\sony\AppData\Roaming\Titanium\mobilesdk\win32\3.0.2.GA\android\titanium.jar => org/appcelerator/titanium/res/drawable/background.png
[DEBUG] from JAR C:\Users\sony\AppData\Roaming\Titanium\mobilesdk\win32\3.0.2.GA\android\titanium.jar => org/appcelerator/titanium/res/drawable/btn_check_buttonless_on.png
[DEBUG] from JAR C:\Users\sony\AppData\Roaming\Titanium\mobilesdk\win32\3.0.2.GA\android\titanium.jar => org/appcelerator/titanium/res/drawable/btn_check_buttonless_on_18.png
[DEBUG] from JAR C:\Users\sony\AppData\Roaming\Titanium\mobilesdk\win32\3.0.2.GA\android\titanium.jar => org/appcelerator/titanium/res/drawable/btn_check_buttonless_on_48.png
[DEBUG] from JAR C:\Users\sony\AppData\Roaming\Titanium\mobilesdk\win32\3.0.2.GA\android\titanium.jar => org/appcelerator/titanium/res/drawable/btn_check_buttonless_on_64.png
[DEBUG] from JAR C:\Users\sony\AppData\Roaming\Titanium\mobilesdk\win32\3.0.2.GA\android\titanium.jar => org/appcelerator/titanium/res/drawable/btn_more.png
[DEBUG] from JAR C:\Users\sony\AppData\Roaming\Titanium\mobilesdk\win32\3.0.2.GA\android\titanium.jar => org/appcelerator/titanium/res/drawable/btn_more_18.png
[DEBUG] from JAR C:\Users\sony\AppData\Roaming\Titanium\mobilesdk\win32\3.0.2.GA\android\titanium.jar => org/appcelerator/titanium/res/drawable/btn_more_48.png
[DEBUG] from JAR C:\Users\sony\AppData\Roaming\Titanium\mobilesdk\win32\3.0.2.GA\android\titanium.jar => org/appcelerator/titanium/res/drawable/btn_more_64.png
[DEBUG] from JAR C:\Users\sony\AppData\Roaming\Titanium\mobilesdk\win32\3.0.2.GA\android\titanium.jar => org/appcelerator/titanium/res/drawable/btn_picker_normal.9.png
[DEBUG] from JAR C:\Users\sony\AppData\Roaming\Titanium\mobilesdk\win32\3.0.2.GA\android\titanium.jar => org/appcelerator/titanium/res/drawable/btn_picker_pressed.9.png
[DEBUG] from JAR C:\Users\sony\AppData\Roaming\Titanium\mobilesdk\win32\3.0.2.GA\android\titanium.jar => org/appcelerator/titanium/res/drawable/btn_picker_selected.9.png
[DEBUG] from JAR C:\Users\sony\AppData\Roaming\Titanium\mobilesdk\win32\3.0.2.GA\android\titanium.jar => org/appcelerator/titanium/res/drawable/default_icon.png
[DEBUG] from JAR C:\Users\sony\AppData\Roaming\Titanium\mobilesdk\win32\3.0.2.GA\android\titanium.jar => org/appcelerator/titanium/res/drawable/photoDefault.png
[DEBUG] from JAR C:\Users\sony\AppData\Roaming\Titanium\mobilesdk\win32\3.0.2.GA\android\thirdparty.jar => org/apache/Commons-NOTICE.txt
[DEBUG] from JAR C:\Users\sony\AppData\Roaming\Titanium\mobilesdk\win32\3.0.2.GA\android\thirdparty.jar => org/apache/HttpComponents-NOTICE.txt
[DEBUG] from JAR C:\Users\sony\AppData\Roaming\Titanium\mobilesdk\win32\3.0.2.GA\android\thirdparty.jar => org/apache/mime4j-NOTICE.txt
[DEBUG] installing native SDK libs
[DEBUG] Waiting for device to be ready ...
[TRACE] adb devices returned 1 devices/emulators
[DEBUG] Device connected... (waited 0 seconds)
[DEBUG] waited 0.042000 seconds on emulator to get ready
[INFO] Installing application on device
[INFO] Application installed. Launch from drawer on Home Screen
